<?xml version="1.0" encoding="UTF-8"?>
<!-- Generated by org.testng.reporters.JUnitXMLReporter -->
<testsuite ignored="0" hostname="DESKTOP-7QK8N4O" failures="0" tests="1" name="TestFirefox" time="0.182" errors="0" timestamp="2022-06-23T19:31:12 IST">
  <testcase classname="org.CAT.CATtest" name="@BeforeTest setproperty" time="0.025">
    <failure type="java.lang.IllegalStateException" message="The path to the driver executable The path to the driver executable must be set by the webdriver.gecko.driver system property; for more information, see https://github.com/mozilla/geckodriver. The latest version can be downloaded from https://github.com/mozilla/geckodriver/releases">
      <![CDATA[java.lang.IllegalStateException: The path to the driver executable The path to the driver executable must be set by the webdriver.gecko.driver system property; for more information, see https://github.com/mozilla/geckodriver. The latest version can be downloaded from https://github.com/mozilla/geckodriver/releases
at org.openqa.selenium.internal.Require$StateChecker.nonNull(Require.java:311)
at org.openqa.selenium.remote.service.DriverService.findExecutable(DriverService.java:135)
at org.openqa.selenium.firefox.GeckoDriverService.access$100(GeckoDriverService.java:45)
at org.openqa.selenium.firefox.GeckoDriverService$Builder.findDefaultExecutable(GeckoDriverService.java:181)
at org.openqa.selenium.remote.service.DriverService$Builder.build(DriverService.java:437)
at org.openqa.selenium.firefox.GeckoDriverService.createDefaultService(GeckoDriverService.java:94)
at org.openqa.selenium.firefox.FirefoxDriver.<init>(FirefoxDriver.java:106)
at org.openqa.selenium.firefox.FirefoxDriver.<init>(FirefoxDriver.java:86)
at org.CAT.CatBaseClass.Firefox(CatBaseClass.java:17)
at org.CAT.CATtest.setproperty(CATtest.java:32)
... Removed 24 stack frames]]>
    </failure>
  </testcase> <!-- @BeforeTest setproperty -->
  <testcase classname="org.CAT.CATtest" name="@BeforeClass OpenBrowser" time="-1.655992871878E9">
    <skipped/>
  </testcase> <!-- @BeforeClass OpenBrowser -->
  <testcase classname="org.CAT.CATtest" name="@BeforeMethod BeforeMethod" time="-1.655992871882E9">
    <skipped/>
  </testcase> <!-- @BeforeMethod BeforeMethod -->
  <testcase classname="org.CAT.CATtest" name="@AfterMethod aftermethod" time="-1.655992871909E9">
    <skipped/>
  </testcase> <!-- @AfterMethod aftermethod -->
  <testcase classname="org.CAT.CATtest" name="@AfterClass AfterClass" time="-1.655992871919E9">
    <skipped/>
  </testcase> <!-- @AfterClass AfterClass -->
  <testcase classname="org.CAT.CATtest" name="@AfterTest AfterTest" time="-1.655992871974E9">
    <skipped/>
  </testcase> <!-- @AfterTest AfterTest -->
  <testcase classname="org.CAT.CATtest" name="Varification" time="0.0">
    <skipped/>
  </testcase> <!-- Varification -->
</testsuite> <!-- TestFirefox -->
