<?xml version="1.0" encoding="UTF-8"?>
<!-- Generated by org.testng.reporters.JUnitXMLReporter -->
<testsuite ignored="0" hostname="DESKTOP-7QK8N4O" failures="0" tests="1" name="Test123" time="1.888" errors="0" timestamp="2022-06-03T15:59:06 IST">
  <testcase classname="org.CAT.CATtest" name="@BeforeTest BeforeMethod" time="1.751">
    <failure type="java.lang.NullPointerException" message="Cannot invoke &amp;quot;org.openqa.selenium.SearchContext.findElement(org.openqa.selenium.By)&amp;quot; because &amp;quot;this.searchContext&amp;quot; is null">
      <![CDATA[java.lang.NullPointerException: Cannot invoke "org.openqa.selenium.SearchContext.findElement(org.openqa.selenium.By)" because "this.searchContext" is null
at org.openqa.selenium.support.pagefactory.DefaultElementLocator.findElement(DefaultElementLocator.java:70)
at org.openqa.selenium.support.pagefactory.internal.LocatingElementHandler.invoke(LocatingElementHandler.java:39)
at jdk.proxy2/jdk.proxy2.$Proxy16.sendKeys(Unknown Source)
at org.CATPOM.LoginCATpomclass.username1(LoginCATpomclass.java:18)
at org.CAT.CATtest.BeforeMethod(CATtest.java:46)
... Removed 24 stack frames]]>
    </failure>
  </testcase> <!-- @BeforeTest BeforeMethod -->
  <testcase classname="org.CAT.CATtest" name="@BeforeTest setproperty" time="-1.654252145886E9">
    <skipped/>
  </testcase> <!-- @BeforeTest setproperty -->
  <testcase classname="org.CAT.CATtest" name="@BeforeClass OpenBrowser" time="-1.654252145918E9">
    <skipped/>
  </testcase> <!-- @BeforeClass OpenBrowser -->
  <testcase classname="org.CAT.CATtest" name="@AfterMethod aftermethod" time="-1.654252145954E9">
    <skipped/>
  </testcase> <!-- @AfterMethod aftermethod -->
  <testcase classname="org.CAT.CATtest" name="@AfterClass AfterClass" time="-1.65425214597E9">
    <skipped/>
  </testcase> <!-- @AfterClass AfterClass -->
  <testcase classname="org.CAT.CATtest" name="@AfterTest AfterTest" time="-1.654252145985E9">
    <skipped/>
  </testcase> <!-- @AfterTest AfterTest -->
  <testcase classname="org.CAT.CATtest" name="Varification" time="0.0">
    <skipped/>
  </testcase> <!-- Varification -->
</testsuite> <!-- Test123 -->
