<?xml version="1.0" encoding="UTF-8"?>
<!-- Generated by org.testng.reporters.JUnitXMLReporter -->
<testsuite ignored="0" hostname="DESKTOP-7QK8N4O" failures="0" tests="2" name="TestFireFox" time="0.057" errors="0" timestamp="2022-09-14T10:51:06 IST">
  <testcase classname="org.CAT.CATtest" name="@BeforeClass OpenBrowser" time="0.0">
    <failure type="java.lang.NullPointerException" message="Cannot invoke &amp;quot;org.openqa.selenium.WebDriver.manage()&amp;quot; because &amp;quot;this.driver&amp;quot; is null">
      <![CDATA[java.lang.NullPointerException: Cannot invoke "org.openqa.selenium.WebDriver.manage()" because "this.driver" is null
at org.CAT.CatBaseClass.Openbrowser(CatBaseClass.java:22)
at org.CAT.CATtest.OpenBrowser(CATtest.java:43)
at java.base/java.util.ArrayList.forEach(ArrayList.java:1511)
... Removed 25 stack frames]]>
    </failure>
  </testcase> <!-- @BeforeClass OpenBrowser -->
  <testcase classname="org.CAT.CATtest" name="@BeforeMethod BeforeMethod" time="-1.663132866802E9">
    <skipped/>
  </testcase> <!-- @BeforeMethod BeforeMethod -->
  <testcase classname="org.CAT.CATtest" name="@AfterMethod afterMEthod" time="-1.663132866812E9">
    <skipped/>
  </testcase> <!-- @AfterMethod afterMEthod -->
  <testcase classname="org.CAT.CATtest" name="@BeforeMethod BeforeMethod" time="-1.663132866816E9">
    <skipped/>
  </testcase> <!-- @BeforeMethod BeforeMethod -->
  <testcase classname="org.CAT.CATtest" name="@AfterMethod afterMEthod" time="-1.663132866823E9">
    <skipped/>
  </testcase> <!-- @AfterMethod afterMEthod -->
  <testcase classname="org.CAT.CATtest" name="@AfterClass AfterClass" time="-1.663132866834E9">
    <skipped/>
  </testcase> <!-- @AfterClass AfterClass -->
  <testcase classname="org.CAT.CATtest" name="@AfterTest AfterTest" time="-1.663132866838E9">
    <skipped/>
  </testcase> <!-- @AfterTest AfterTest -->
  <testcase classname="org.CAT.CATtest" name="Varification" time="0.0">
    <skipped/>
  </testcase> <!-- Varification -->
  <testcase classname="org.CAT.CATtest" name="facebookLogo" time="0.0">
    <skipped/>
  </testcase> <!-- facebookLogo -->
</testsuite> <!-- TestFireFox -->
